2022-08-08 13:57:48,203 INFO org.springframework.boot.StartupInfoLogger [restartedMain] Starting BlogBackendApplication using Java 17.0.3.1 on DESKTOP-DKEB3L3 with PID 15028 (C:\Users\nezir\OneDrive\Masaüstü\fullstack-blog-project\blog-backend\target\classes started by nezir in C:\Users\nezir\OneDrive\Masaüstü\fullstack-blog-project\blog-backend)
2022-08-08 13:57:48,205 DEBUG org.springframework.boot.StartupInfoLogger [restartedMain] Running with Spring Boot v2.7.2, Spring v5.3.22
2022-08-08 13:57:48,206 INFO org.springframework.boot.SpringApplication [restartedMain] The following 1 profile is active: "dev"
2022-08-08 13:57:48,268 INFO org.springframework.boot.logging.DeferredLog [restartedMain] Devtools property defaults active! Set 'spring.devtools.add-properties' to 'false' to disable
2022-08-08 13:57:48,268 INFO org.springframework.boot.logging.DeferredLog [restartedMain] For additional web related logging consider setting the 'logging.level.web' property to 'DEBUG'
2022-08-08 13:57:49,206 INFO org.springframework.data.repository.config.RepositoryConfigurationDelegate [restartedMain] Bootstrapping Spring Data JPA repositories in DEFAULT mode.
2022-08-08 13:57:49,220 INFO org.springframework.data.repository.config.RepositoryConfigurationDelegate [restartedMain] Finished Spring Data repository scanning in 5 ms. Found 0 JPA repository interfaces.
2022-08-08 13:57:49,915 INFO org.springframework.boot.web.embedded.tomcat.TomcatWebServer [restartedMain] Tomcat initialized with port(s): 8090 (http)
2022-08-08 13:57:49,927 INFO org.apache.juli.logging.DirectJDKLog [restartedMain] Starting service [Tomcat]
2022-08-08 13:57:49,927 INFO org.apache.juli.logging.DirectJDKLog [restartedMain] Starting Servlet engine: [Apache Tomcat/9.0.65]
2022-08-08 13:57:50,003 INFO org.apache.juli.logging.DirectJDKLog [restartedMain] Initializing Spring embedded WebApplicationContext
2022-08-08 13:57:50,003 INFO org.springframework.boot.web.servlet.context.ServletWebServerApplicationContext [restartedMain] Root WebApplicationContext: initialization completed in 1734 ms
2022-08-08 13:57:50,182 INFO org.hibernate.jpa.internal.util.LogHelper [restartedMain] HHH000204: Processing PersistenceUnitInfo [name: default]
2022-08-08 13:57:50,287 INFO org.hibernate.Version [restartedMain] HHH000412: Hibernate ORM core version 5.6.10.Final
2022-08-08 13:57:50,553 INFO org.hibernate.annotations.common.reflection.java.JavaReflectionManager [restartedMain] HCANN000001: Hibernate Commons Annotations {5.1.2.Final}
2022-08-08 13:57:50,653 INFO com.zaxxer.hikari.HikariDataSource [restartedMain] HikariPool-1 - Starting...
2022-08-08 13:57:50,799 INFO com.zaxxer.hikari.HikariDataSource [restartedMain] HikariPool-1 - Start completed.
2022-08-08 13:57:50,818 INFO org.hibernate.dialect.Dialect [restartedMain] HHH000400: Using dialect: org.hibernate.dialect.PostgreSQLDialect
2022-08-08 13:57:51,095 INFO org.hibernate.engine.transaction.jta.platform.internal.JtaPlatformInitiator [restartedMain] HHH000490: Using JtaPlatform implementation: [org.hibernate.engine.transaction.jta.platform.internal.NoJtaPlatform]
2022-08-08 13:57:51,112 INFO org.springframework.orm.jpa.AbstractEntityManagerFactoryBean [restartedMain] Initialized JPA EntityManagerFactory for persistence unit 'default'
2022-08-08 13:57:51,321 WARN org.springframework.boot.autoconfigure.orm.jpa.JpaBaseConfiguration$JpaWebConfiguration [restartedMain] spring.jpa.open-in-view is enabled by default. Therefore, database queries may be performed during view rendering. Explicitly configure spring.jpa.open-in-view to disable this warning
2022-08-08 13:57:52,309 WARN org.springframework.boot.autoconfigure.security.servlet.UserDetailsServiceAutoConfiguration [restartedMain] 

Using generated security password: 9ac0db93-bb1f-4d16-bdb4-b1c0f6167ff3

This generated password is for development use only. Your security configuration must be updated before running your application in production.

2022-08-08 13:57:52,410 INFO org.springframework.security.web.DefaultSecurityFilterChain [restartedMain] Will secure any request with [org.springframework.security.web.session.DisableEncodeUrlFilter@3699bcf3, org.springframework.security.web.context.request.async.WebAsyncManagerIntegrationFilter@492e937a, org.springframework.security.web.context.SecurityContextPersistenceFilter@32dd75a, org.springframework.security.web.header.HeaderWriterFilter@62111125, org.springframework.security.web.csrf.CsrfFilter@146c3e15, org.springframework.security.web.authentication.logout.LogoutFilter@993e4e6, org.springframework.security.web.authentication.UsernamePasswordAuthenticationFilter@20f9fd9, org.springframework.security.web.authentication.ui.DefaultLoginPageGeneratingFilter@483ec25e, org.springframework.security.web.authentication.ui.DefaultLogoutPageGeneratingFilter@18950b19, org.springframework.security.web.authentication.www.BasicAuthenticationFilter@5285a9ab, org.springframework.security.web.savedrequest.RequestCacheAwareFilter@3b34825e, org.springframework.security.web.servletapi.SecurityContextHolderAwareRequestFilter@5977a21b, org.springframework.security.web.authentication.AnonymousAuthenticationFilter@7de6f6fb, org.springframework.security.web.session.SessionManagementFilter@2801aad7, org.springframework.security.web.access.ExceptionTranslationFilter@296479a, org.springframework.security.web.access.intercept.FilterSecurityInterceptor@79664e5e]
2022-08-08 13:57:52,448 INFO org.springframework.boot.devtools.autoconfigure.OptionalLiveReloadServer [restartedMain] LiveReload server is running on port 35729
2022-08-08 13:57:52,489 INFO org.springframework.boot.web.embedded.tomcat.TomcatWebServer [restartedMain] Tomcat started on port(s): 8090 (http) with context path ''
2022-08-08 13:57:52,502 INFO org.springframework.boot.StartupInfoLogger [restartedMain] Started BlogBackendApplication in 4.91 seconds (JVM running for 7.14)
2022-08-08 13:58:47,749 INFO org.springframework.orm.jpa.AbstractEntityManagerFactoryBean [SpringApplicationShutdownHook] Closing JPA EntityManagerFactory for persistence unit 'default'
2022-08-08 13:58:47,752 INFO com.zaxxer.hikari.HikariDataSource [SpringApplicationShutdownHook] HikariPool-1 - Shutdown initiated...
2022-08-08 13:58:47,755 INFO com.zaxxer.hikari.HikariDataSource [SpringApplicationShutdownHook] HikariPool-1 - Shutdown completed.
2022-08-08 13:58:54,611 INFO org.springframework.boot.StartupInfoLogger [restartedMain] Starting BlogBackendApplication using Java 17.0.3.1 on DESKTOP-DKEB3L3 with PID 5884 (C:\Users\nezir\OneDrive\Masaüstü\fullstack-blog-project\blog-backend\target\classes started by nezir in C:\Users\nezir\OneDrive\Masaüstü\fullstack-blog-project\blog-backend)
2022-08-08 13:58:54,613 DEBUG org.springframework.boot.StartupInfoLogger [restartedMain] Running with Spring Boot v2.7.2, Spring v5.3.22
2022-08-08 13:58:54,614 INFO org.springframework.boot.SpringApplication [restartedMain] The following 1 profile is active: "dev"
2022-08-08 13:58:54,693 INFO org.springframework.boot.logging.DeferredLog [restartedMain] Devtools property defaults active! Set 'spring.devtools.add-properties' to 'false' to disable
2022-08-08 13:58:54,694 INFO org.springframework.boot.logging.DeferredLog [restartedMain] For additional web related logging consider setting the 'logging.level.web' property to 'DEBUG'
2022-08-08 13:58:55,680 INFO org.springframework.data.repository.config.RepositoryConfigurationDelegate [restartedMain] Bootstrapping Spring Data JPA repositories in DEFAULT mode.
2022-08-08 13:58:55,698 INFO org.springframework.data.repository.config.RepositoryConfigurationDelegate [restartedMain] Finished Spring Data repository scanning in 7 ms. Found 0 JPA repository interfaces.
2022-08-08 13:58:56,242 INFO org.springframework.boot.web.embedded.tomcat.TomcatWebServer [restartedMain] Tomcat initialized with port(s): 8090 (http)
2022-08-08 13:58:56,251 INFO org.apache.juli.logging.DirectJDKLog [restartedMain] Starting service [Tomcat]
2022-08-08 13:58:56,251 INFO org.apache.juli.logging.DirectJDKLog [restartedMain] Starting Servlet engine: [Apache Tomcat/9.0.65]
2022-08-08 13:58:56,317 INFO org.apache.juli.logging.DirectJDKLog [restartedMain] Initializing Spring embedded WebApplicationContext
2022-08-08 13:58:56,317 INFO org.springframework.boot.web.servlet.context.ServletWebServerApplicationContext [restartedMain] Root WebApplicationContext: initialization completed in 1622 ms
2022-08-08 13:58:56,471 INFO org.hibernate.jpa.internal.util.LogHelper [restartedMain] HHH000204: Processing PersistenceUnitInfo [name: default]
2022-08-08 13:58:56,527 INFO org.hibernate.Version [restartedMain] HHH000412: Hibernate ORM core version 5.6.10.Final
2022-08-08 13:58:56,686 INFO org.hibernate.annotations.common.reflection.java.JavaReflectionManager [restartedMain] HCANN000001: Hibernate Commons Annotations {5.1.2.Final}
2022-08-08 13:58:56,818 INFO com.zaxxer.hikari.HikariDataSource [restartedMain] HikariPool-1 - Starting...
2022-08-08 13:58:56,987 INFO com.zaxxer.hikari.HikariDataSource [restartedMain] HikariPool-1 - Start completed.
2022-08-08 13:58:57,008 INFO org.hibernate.dialect.Dialect [restartedMain] HHH000400: Using dialect: org.hibernate.dialect.PostgreSQLDialect
2022-08-08 13:58:57,270 INFO org.hibernate.engine.transaction.jta.platform.internal.JtaPlatformInitiator [restartedMain] HHH000490: Using JtaPlatform implementation: [org.hibernate.engine.transaction.jta.platform.internal.NoJtaPlatform]
2022-08-08 13:58:57,279 INFO org.springframework.orm.jpa.AbstractEntityManagerFactoryBean [restartedMain] Initialized JPA EntityManagerFactory for persistence unit 'default'
2022-08-08 13:58:57,475 WARN org.springframework.boot.autoconfigure.orm.jpa.JpaBaseConfiguration$JpaWebConfiguration [restartedMain] spring.jpa.open-in-view is enabled by default. Therefore, database queries may be performed during view rendering. Explicitly configure spring.jpa.open-in-view to disable this warning
2022-08-08 13:58:58,256 INFO org.springframework.boot.devtools.autoconfigure.OptionalLiveReloadServer [restartedMain] LiveReload server is running on port 35729
2022-08-08 13:58:58,297 INFO org.springframework.boot.web.embedded.tomcat.TomcatWebServer [restartedMain] Tomcat started on port(s): 8090 (http) with context path ''
2022-08-08 13:58:58,308 INFO org.springframework.boot.StartupInfoLogger [restartedMain] Started BlogBackendApplication in 4.253 seconds (JVM running for 5.208)
2022-08-08 13:59:23,071 INFO org.apache.juli.logging.DirectJDKLog [http-nio-8090-exec-1] Initializing Spring DispatcherServlet 'dispatcherServlet'
2022-08-08 13:59:23,072 INFO org.springframework.web.servlet.FrameworkServlet [http-nio-8090-exec-1] Initializing Servlet 'dispatcherServlet'
2022-08-08 13:59:23,073 INFO org.springframework.web.servlet.FrameworkServlet [http-nio-8090-exec-1] Completed initialization in 1 ms
2022-08-08 14:23:41,849 INFO org.springframework.orm.jpa.AbstractEntityManagerFactoryBean [SpringApplicationShutdownHook] Closing JPA EntityManagerFactory for persistence unit 'default'
2022-08-08 14:23:41,852 INFO com.zaxxer.hikari.HikariDataSource [SpringApplicationShutdownHook] HikariPool-1 - Shutdown initiated...
2022-08-08 14:23:41,855 INFO com.zaxxer.hikari.HikariDataSource [SpringApplicationShutdownHook] HikariPool-1 - Shutdown completed.
2022-08-08 14:23:49,277 INFO org.springframework.boot.StartupInfoLogger [restartedMain] Starting BlogBackendApplication using Java 17.0.3.1 on DESKTOP-DKEB3L3 with PID 9400 (C:\Users\nezir\OneDrive\Masaüstü\fullstack-blog-project\blog-backend\target\classes started by nezir in C:\Users\nezir\OneDrive\Masaüstü\fullstack-blog-project\blog-backend)
2022-08-08 14:23:49,279 DEBUG org.springframework.boot.StartupInfoLogger [restartedMain] Running with Spring Boot v2.7.2, Spring v5.3.22
2022-08-08 14:23:49,280 INFO org.springframework.boot.SpringApplication [restartedMain] The following 1 profile is active: "dev"
2022-08-08 14:23:49,341 INFO org.springframework.boot.logging.DeferredLog [restartedMain] Devtools property defaults active! Set 'spring.devtools.add-properties' to 'false' to disable
2022-08-08 14:23:49,341 INFO org.springframework.boot.logging.DeferredLog [restartedMain] For additional web related logging consider setting the 'logging.level.web' property to 'DEBUG'
2022-08-08 14:23:50,149 INFO org.springframework.data.repository.config.RepositoryConfigurationDelegate [restartedMain] Bootstrapping Spring Data JPA repositories in DEFAULT mode.
2022-08-08 14:23:50,167 INFO org.springframework.data.repository.config.RepositoryConfigurationDelegate [restartedMain] Finished Spring Data repository scanning in 8 ms. Found 0 JPA repository interfaces.
2022-08-08 14:23:50,785 INFO org.springframework.boot.web.embedded.tomcat.TomcatWebServer [restartedMain] Tomcat initialized with port(s): 8090 (http)
2022-08-08 14:23:50,794 INFO org.apache.juli.logging.DirectJDKLog [restartedMain] Starting service [Tomcat]
2022-08-08 14:23:50,795 INFO org.apache.juli.logging.DirectJDKLog [restartedMain] Starting Servlet engine: [Apache Tomcat/9.0.65]
2022-08-08 14:23:50,859 INFO org.apache.juli.logging.DirectJDKLog [restartedMain] Initializing Spring embedded WebApplicationContext
2022-08-08 14:23:50,859 INFO org.springframework.boot.web.servlet.context.ServletWebServerApplicationContext [restartedMain] Root WebApplicationContext: initialization completed in 1517 ms
2022-08-08 14:23:50,990 INFO org.hibernate.jpa.internal.util.LogHelper [restartedMain] HHH000204: Processing PersistenceUnitInfo [name: default]
2022-08-08 14:23:51,045 INFO org.hibernate.Version [restartedMain] HHH000412: Hibernate ORM core version 5.6.10.Final
2022-08-08 14:23:51,205 INFO org.hibernate.annotations.common.reflection.java.JavaReflectionManager [restartedMain] HCANN000001: Hibernate Commons Annotations {5.1.2.Final}
2022-08-08 14:23:51,302 INFO com.zaxxer.hikari.HikariDataSource [restartedMain] HikariPool-1 - Starting...
2022-08-08 14:23:51,466 INFO com.zaxxer.hikari.HikariDataSource [restartedMain] HikariPool-1 - Start completed.
2022-08-08 14:23:51,485 INFO org.hibernate.dialect.Dialect [restartedMain] HHH000400: Using dialect: org.hibernate.dialect.PostgreSQLDialect
2022-08-08 14:23:51,642 ERROR org.springframework.orm.jpa.AbstractEntityManagerFactoryBean [restartedMain] Failed to initialize JPA EntityManagerFactory: Associations marked as mappedBy must not define database mappings like @JoinTable or @JoinColumn: com.example.blogbackend.model.User.postList
2022-08-08 14:23:51,643 WARN org.springframework.context.support.AbstractApplicationContext [restartedMain] Exception encountered during context initialization - cancelling refresh attempt: org.springframework.beans.factory.BeanCreationException: Error creating bean with name 'entityManagerFactory' defined in class path resource [org/springframework/boot/autoconfigure/orm/jpa/HibernateJpaConfiguration.class]: Invocation of init method failed; nested exception is org.hibernate.AnnotationException: Associations marked as mappedBy must not define database mappings like @JoinTable or @JoinColumn: com.example.blogbackend.model.User.postList
2022-08-08 14:23:51,645 INFO com.zaxxer.hikari.HikariDataSource [restartedMain] HikariPool-1 - Shutdown initiated...
2022-08-08 14:23:51,660 INFO com.zaxxer.hikari.HikariDataSource [restartedMain] HikariPool-1 - Shutdown completed.
2022-08-08 14:23:51,663 INFO org.apache.juli.logging.DirectJDKLog [restartedMain] Stopping service [Tomcat]
2022-08-08 14:23:51,679 INFO org.springframework.boot.autoconfigure.logging.ConditionEvaluationReportLoggingListener [restartedMain] 

Error starting ApplicationContext. To display the conditions report re-run your application with 'debug' enabled.
2022-08-08 14:23:51,717 ERROR org.springframework.boot.SpringApplication [restartedMain] Application run failed
org.springframework.beans.factory.BeanCreationException: Error creating bean with name 'entityManagerFactory' defined in class path resource [org/springframework/boot/autoconfigure/orm/jpa/HibernateJpaConfiguration.class]: Invocation of init method failed; nested exception is org.hibernate.AnnotationException: Associations marked as mappedBy must not define database mappings like @JoinTable or @JoinColumn: com.example.blogbackend.model.User.postList
	at org.springframework.beans.factory.support.AbstractAutowireCapableBeanFactory.initializeBean(AbstractAutowireCapableBeanFactory.java:1804)
	at org.springframework.beans.factory.support.AbstractAutowireCapableBeanFactory.doCreateBean(AbstractAutowireCapableBeanFactory.java:620)
	at org.springframework.beans.factory.support.AbstractAutowireCapableBeanFactory.createBean(AbstractAutowireCapableBeanFactory.java:542)
	at org.springframework.beans.factory.support.AbstractBeanFactory.lambda$doGetBean$0(AbstractBeanFactory.java:335)
	at org.springframework.beans.factory.support.DefaultSingletonBeanRegistry.getSingleton(DefaultSingletonBeanRegistry.java:234)
	at org.springframework.beans.factory.support.AbstractBeanFactory.doGetBean(AbstractBeanFactory.java:333)
	at org.springframework.beans.factory.support.AbstractBeanFactory.getBean(AbstractBeanFactory.java:208)
	at org.springframework.context.support.AbstractApplicationContext.getBean(AbstractApplicationContext.java:1154)
	at org.springframework.context.support.AbstractApplicationContext.finishBeanFactoryInitialization(AbstractApplicationContext.java:908)
	at org.springframework.context.support.AbstractApplicationContext.refresh(AbstractApplicationContext.java:583)
	at org.springframework.boot.web.servlet.context.ServletWebServerApplicationContext.refresh(ServletWebServerApplicationContext.java:147)
	at org.springframework.boot.SpringApplication.refresh(SpringApplication.java:734)
	at org.springframework.boot.SpringApplication.refreshContext(SpringApplication.java:408)
	at org.springframework.boot.SpringApplication.run(SpringApplication.java:308)
	at org.springframework.boot.SpringApplication.run(SpringApplication.java:1306)
	at org.springframework.boot.SpringApplication.run(SpringApplication.java:1295)
	at com.example.blogbackend.BlogBackendApplication.main(BlogBackendApplication.java:12)
	at java.base/jdk.internal.reflect.NativeMethodAccessorImpl.invoke0(Native Method)
	at java.base/jdk.internal.reflect.NativeMethodAccessorImpl.invoke(NativeMethodAccessorImpl.java:77)
	at java.base/jdk.internal.reflect.DelegatingMethodAccessorImpl.invoke(DelegatingMethodAccessorImpl.java:43)
	at java.base/java.lang.reflect.Method.invoke(Method.java:568)
	at org.springframework.boot.devtools.restart.RestartLauncher.run(RestartLauncher.java:49)
Caused by: org.hibernate.AnnotationException: Associations marked as mappedBy must not define database mappings like @JoinTable or @JoinColumn: com.example.blogbackend.model.User.postList
	at org.hibernate.cfg.annotations.CollectionBinder.bind(CollectionBinder.java:544)
	at org.hibernate.cfg.AnnotationBinder.processElementAnnotations(AnnotationBinder.java:2230)
	at org.hibernate.cfg.AnnotationBinder.processIdPropertiesIfNotAlready(AnnotationBinder.java:968)
	at org.hibernate.cfg.AnnotationBinder.bindClass(AnnotationBinder.java:793)
	at org.hibernate.boot.model.source.internal.annotations.AnnotationMetadataSourceProcessorImpl.processEntityHierarchies(AnnotationMetadataSourceProcessorImpl.java:225)
	at org.hibernate.boot.model.process.spi.MetadataBuildingProcess$1.processEntityHierarchies(MetadataBuildingProcess.java:239)
	at org.hibernate.boot.model.process.spi.MetadataBuildingProcess.complete(MetadataBuildingProcess.java:282)
	at org.hibernate.jpa.boot.internal.EntityManagerFactoryBuilderImpl.metadata(EntityManagerFactoryBuilderImpl.java:1460)
	at org.hibernate.jpa.boot.internal.EntityManagerFactoryBuilderImpl.build(EntityManagerFactoryBuilderImpl.java:1494)
	at org.springframework.orm.jpa.vendor.SpringHibernateJpaPersistenceProvider.createContainerEntityManagerFactory(SpringHibernateJpaPersistenceProvider.java:58)
	at org.springframework.orm.jpa.LocalContainerEntityManagerFactoryBean.createNativeEntityManagerFactory(LocalContainerEntityManagerFactoryBean.java:365)
	at org.springframework.orm.jpa.AbstractEntityManagerFactoryBean.buildNativeEntityManagerFactory(AbstractEntityManagerFactoryBean.java:409)
	at org.springframework.orm.jpa.AbstractEntityManagerFactoryBean.afterPropertiesSet(AbstractEntityManagerFactoryBean.java:396)
	at org.springframework.orm.jpa.LocalContainerEntityManagerFactoryBean.afterPropertiesSet(LocalContainerEntityManagerFactoryBean.java:341)
	at org.springframework.beans.factory.support.AbstractAutowireCapableBeanFactory.invokeInitMethods(AbstractAutowireCapableBeanFactory.java:1863)
	at org.springframework.beans.factory.support.AbstractAutowireCapableBeanFactory.initializeBean(AbstractAutowireCapableBeanFactory.java:1800)
	... 21 common frames omitted
2022-08-08 14:24:26,406 INFO org.springframework.boot.StartupInfoLogger [restartedMain] Starting BlogBackendApplication using Java 17.0.3.1 on DESKTOP-DKEB3L3 with PID 9212 (C:\Users\nezir\OneDrive\Masaüstü\fullstack-blog-project\blog-backend\target\classes started by nezir in C:\Users\nezir\OneDrive\Masaüstü\fullstack-blog-project\blog-backend)
2022-08-08 14:24:26,408 DEBUG org.springframework.boot.StartupInfoLogger [restartedMain] Running with Spring Boot v2.7.2, Spring v5.3.22
2022-08-08 14:24:26,409 INFO org.springframework.boot.SpringApplication [restartedMain] The following 1 profile is active: "dev"
2022-08-08 14:24:26,468 INFO org.springframework.boot.logging.DeferredLog [restartedMain] Devtools property defaults active! Set 'spring.devtools.add-properties' to 'false' to disable
2022-08-08 14:24:26,469 INFO org.springframework.boot.logging.DeferredLog [restartedMain] For additional web related logging consider setting the 'logging.level.web' property to 'DEBUG'
2022-08-08 14:24:27,464 INFO org.springframework.data.repository.config.RepositoryConfigurationDelegate [restartedMain] Bootstrapping Spring Data JPA repositories in DEFAULT mode.
2022-08-08 14:24:27,485 INFO org.springframework.data.repository.config.RepositoryConfigurationDelegate [restartedMain] Finished Spring Data repository scanning in 10 ms. Found 0 JPA repository interfaces.
2022-08-08 14:24:28,102 INFO org.springframework.boot.web.embedded.tomcat.TomcatWebServer [restartedMain] Tomcat initialized with port(s): 8090 (http)
2022-08-08 14:24:28,111 INFO org.apache.juli.logging.DirectJDKLog [restartedMain] Starting service [Tomcat]
2022-08-08 14:24:28,111 INFO org.apache.juli.logging.DirectJDKLog [restartedMain] Starting Servlet engine: [Apache Tomcat/9.0.65]
2022-08-08 14:24:28,183 INFO org.apache.juli.logging.DirectJDKLog [restartedMain] Initializing Spring embedded WebApplicationContext
2022-08-08 14:24:28,183 INFO org.springframework.boot.web.servlet.context.ServletWebServerApplicationContext [restartedMain] Root WebApplicationContext: initialization completed in 1713 ms
2022-08-08 14:24:28,307 INFO org.hibernate.jpa.internal.util.LogHelper [restartedMain] HHH000204: Processing PersistenceUnitInfo [name: default]
2022-08-08 14:24:28,366 INFO org.hibernate.Version [restartedMain] HHH000412: Hibernate ORM core version 5.6.10.Final
2022-08-08 14:24:28,515 INFO org.hibernate.annotations.common.reflection.java.JavaReflectionManager [restartedMain] HCANN000001: Hibernate Commons Annotations {5.1.2.Final}
2022-08-08 14:24:28,602 INFO com.zaxxer.hikari.HikariDataSource [restartedMain] HikariPool-1 - Starting...
2022-08-08 14:24:28,722 INFO com.zaxxer.hikari.HikariDataSource [restartedMain] HikariPool-1 - Start completed.
2022-08-08 14:24:28,741 INFO org.hibernate.dialect.Dialect [restartedMain] HHH000400: Using dialect: org.hibernate.dialect.PostgreSQLDialect
2022-08-08 14:24:29,519 INFO org.hibernate.engine.transaction.jta.platform.internal.JtaPlatformInitiator [restartedMain] HHH000490: Using JtaPlatform implementation: [org.hibernate.engine.transaction.jta.platform.internal.NoJtaPlatform]
2022-08-08 14:24:29,526 INFO org.springframework.orm.jpa.AbstractEntityManagerFactoryBean [restartedMain] Initialized JPA EntityManagerFactory for persistence unit 'default'
2022-08-08 14:24:29,741 WARN org.springframework.boot.autoconfigure.orm.jpa.JpaBaseConfiguration$JpaWebConfiguration [restartedMain] spring.jpa.open-in-view is enabled by default. Therefore, database queries may be performed during view rendering. Explicitly configure spring.jpa.open-in-view to disable this warning
2022-08-08 14:24:30,675 WARN org.springframework.boot.autoconfigure.security.servlet.UserDetailsServiceAutoConfiguration [restartedMain] 

Using generated security password: 3e0b2729-45d1-4bc4-b7da-bee3ee5409e9

This generated password is for development use only. Your security configuration must be updated before running your application in production.

2022-08-08 14:24:30,761 INFO org.springframework.security.web.DefaultSecurityFilterChain [restartedMain] Will secure any request with [org.springframework.security.web.session.DisableEncodeUrlFilter@45323674, org.springframework.security.web.context.request.async.WebAsyncManagerIntegrationFilter@493f91d, org.springframework.security.web.context.SecurityContextPersistenceFilter@6de4d710, org.springframework.security.web.header.HeaderWriterFilter@cbe8ff1, org.springframework.security.web.csrf.CsrfFilter@1e8aeceb, org.springframework.security.web.authentication.logout.LogoutFilter@776919fd, org.springframework.security.web.authentication.UsernamePasswordAuthenticationFilter@3dac6f3a, org.springframework.security.web.authentication.ui.DefaultLoginPageGeneratingFilter@4f26c367, org.springframework.security.web.authentication.ui.DefaultLogoutPageGeneratingFilter@67164408, org.springframework.security.web.authentication.www.BasicAuthenticationFilter@1adb7778, org.springframework.security.web.savedrequest.RequestCacheAwareFilter@3bae0ed6, org.springframework.security.web.servletapi.SecurityContextHolderAwareRequestFilter@5093be, org.springframework.security.web.authentication.AnonymousAuthenticationFilter@40458028, org.springframework.security.web.session.SessionManagementFilter@1669b0fa, org.springframework.security.web.access.ExceptionTranslationFilter@73d6d6bf, org.springframework.security.web.access.intercept.FilterSecurityInterceptor@23c3ea99]
2022-08-08 14:24:30,798 INFO org.springframework.boot.devtools.autoconfigure.OptionalLiveReloadServer [restartedMain] LiveReload server is running on port 35729
2022-08-08 14:24:30,838 INFO org.springframework.boot.web.embedded.tomcat.TomcatWebServer [restartedMain] Tomcat started on port(s): 8090 (http) with context path ''
2022-08-08 14:24:30,849 INFO org.springframework.boot.StartupInfoLogger [restartedMain] Started BlogBackendApplication in 4.952 seconds (JVM running for 5.962)
2022-08-08 14:26:32,553 INFO org.springframework.orm.jpa.AbstractEntityManagerFactoryBean [SpringApplicationShutdownHook] Closing JPA EntityManagerFactory for persistence unit 'default'
2022-08-08 14:26:32,558 INFO com.zaxxer.hikari.HikariDataSource [SpringApplicationShutdownHook] HikariPool-1 - Shutdown initiated...
2022-08-08 14:26:32,565 INFO com.zaxxer.hikari.HikariDataSource [SpringApplicationShutdownHook] HikariPool-1 - Shutdown completed.
2022-08-08 14:26:38,613 INFO org.springframework.boot.StartupInfoLogger [restartedMain] Starting BlogBackendApplication using Java 17.0.3.1 on DESKTOP-DKEB3L3 with PID 15692 (C:\Users\nezir\OneDrive\Masaüstü\fullstack-blog-project\blog-backend\target\classes started by nezir in C:\Users\nezir\OneDrive\Masaüstü\fullstack-blog-project\blog-backend)
2022-08-08 14:26:38,615 DEBUG org.springframework.boot.StartupInfoLogger [restartedMain] Running with Spring Boot v2.7.2, Spring v5.3.22
2022-08-08 14:26:38,616 INFO org.springframework.boot.SpringApplication [restartedMain] The following 1 profile is active: "dev"
2022-08-08 14:26:38,677 INFO org.springframework.boot.logging.DeferredLog [restartedMain] Devtools property defaults active! Set 'spring.devtools.add-properties' to 'false' to disable
2022-08-08 14:26:38,678 INFO org.springframework.boot.logging.DeferredLog [restartedMain] For additional web related logging consider setting the 'logging.level.web' property to 'DEBUG'
2022-08-08 14:26:39,648 INFO org.springframework.data.repository.config.RepositoryConfigurationDelegate [restartedMain] Bootstrapping Spring Data JPA repositories in DEFAULT mode.
2022-08-08 14:26:39,667 INFO org.springframework.data.repository.config.RepositoryConfigurationDelegate [restartedMain] Finished Spring Data repository scanning in 9 ms. Found 0 JPA repository interfaces.
2022-08-08 14:26:40,338 INFO org.springframework.boot.web.embedded.tomcat.TomcatWebServer [restartedMain] Tomcat initialized with port(s): 8090 (http)
2022-08-08 14:26:40,347 INFO org.apache.juli.logging.DirectJDKLog [restartedMain] Starting service [Tomcat]
2022-08-08 14:26:40,348 INFO org.apache.juli.logging.DirectJDKLog [restartedMain] Starting Servlet engine: [Apache Tomcat/9.0.65]
2022-08-08 14:26:40,422 INFO org.apache.juli.logging.DirectJDKLog [restartedMain] Initializing Spring embedded WebApplicationContext
2022-08-08 14:26:40,423 INFO org.springframework.boot.web.servlet.context.ServletWebServerApplicationContext [restartedMain] Root WebApplicationContext: initialization completed in 1744 ms
2022-08-08 14:26:40,567 INFO org.hibernate.jpa.internal.util.LogHelper [restartedMain] HHH000204: Processing PersistenceUnitInfo [name: default]
2022-08-08 14:26:40,620 INFO org.hibernate.Version [restartedMain] HHH000412: Hibernate ORM core version 5.6.10.Final
2022-08-08 14:26:40,778 INFO org.hibernate.annotations.common.reflection.java.JavaReflectionManager [restartedMain] HCANN000001: Hibernate Commons Annotations {5.1.2.Final}
2022-08-08 14:26:40,875 INFO com.zaxxer.hikari.HikariDataSource [restartedMain] HikariPool-1 - Starting...
2022-08-08 14:26:40,999 INFO com.zaxxer.hikari.HikariDataSource [restartedMain] HikariPool-1 - Start completed.
2022-08-08 14:26:41,015 INFO org.hibernate.dialect.Dialect [restartedMain] HHH000400: Using dialect: org.hibernate.dialect.PostgreSQLDialect
2022-08-08 14:26:41,844 INFO org.hibernate.engine.transaction.jta.platform.internal.JtaPlatformInitiator [restartedMain] HHH000490: Using JtaPlatform implementation: [org.hibernate.engine.transaction.jta.platform.internal.NoJtaPlatform]
2022-08-08 14:26:41,851 INFO org.springframework.orm.jpa.AbstractEntityManagerFactoryBean [restartedMain] Initialized JPA EntityManagerFactory for persistence unit 'default'
2022-08-08 14:26:42,070 WARN org.springframework.boot.autoconfigure.orm.jpa.JpaBaseConfiguration$JpaWebConfiguration [restartedMain] spring.jpa.open-in-view is enabled by default. Therefore, database queries may be performed during view rendering. Explicitly configure spring.jpa.open-in-view to disable this warning
2022-08-08 14:26:43,020 WARN org.springframework.boot.autoconfigure.security.servlet.UserDetailsServiceAutoConfiguration [restartedMain] 

Using generated security password: 84cb16e6-0b19-472e-9b5c-858d5143e712

This generated password is for development use only. Your security configuration must be updated before running your application in production.

2022-08-08 14:26:43,115 INFO org.springframework.security.web.DefaultSecurityFilterChain [restartedMain] Will secure any request with [org.springframework.security.web.session.DisableEncodeUrlFilter@40458028, org.springframework.security.web.context.request.async.WebAsyncManagerIntegrationFilter@14908fc2, org.springframework.security.web.context.SecurityContextPersistenceFilter@5093be, org.springframework.security.web.header.HeaderWriterFilter@39868e84, org.springframework.security.web.csrf.CsrfFilter@76b7015e, org.springframework.security.web.authentication.logout.LogoutFilter@2b093ec4, org.springframework.security.web.authentication.UsernamePasswordAuthenticationFilter@688ce491, org.springframework.security.web.authentication.ui.DefaultLoginPageGeneratingFilter@2de663e1, org.springframework.security.web.authentication.ui.DefaultLogoutPageGeneratingFilter@f50d75c, org.springframework.security.web.authentication.www.BasicAuthenticationFilter@45323674, org.springframework.security.web.savedrequest.RequestCacheAwareFilter@770b8549, org.springframework.security.web.servletapi.SecurityContextHolderAwareRequestFilter@3c98fdc0, org.springframework.security.web.authentication.AnonymousAuthenticationFilter@5ab3e4ba, org.springframework.security.web.session.SessionManagementFilter@6de4d710, org.springframework.security.web.access.ExceptionTranslationFilter@53cfe712, org.springframework.security.web.access.intercept.FilterSecurityInterceptor@1b366aeb]
2022-08-08 14:26:43,150 INFO org.springframework.boot.devtools.autoconfigure.OptionalLiveReloadServer [restartedMain] LiveReload server is running on port 35729
2022-08-08 14:26:43,188 INFO org.springframework.boot.web.embedded.tomcat.TomcatWebServer [restartedMain] Tomcat started on port(s): 8090 (http) with context path ''
2022-08-08 14:26:43,199 INFO org.springframework.boot.StartupInfoLogger [restartedMain] Started BlogBackendApplication in 5.174 seconds (JVM running for 6.135)
2022-08-08 14:27:34,875 INFO org.springframework.orm.jpa.AbstractEntityManagerFactoryBean [SpringApplicationShutdownHook] Closing JPA EntityManagerFactory for persistence unit 'default'
2022-08-08 14:27:34,879 INFO com.zaxxer.hikari.HikariDataSource [SpringApplicationShutdownHook] HikariPool-1 - Shutdown initiated...
2022-08-08 14:27:34,886 INFO com.zaxxer.hikari.HikariDataSource [SpringApplicationShutdownHook] HikariPool-1 - Shutdown completed.
2022-08-08 14:27:40,669 INFO org.springframework.boot.StartupInfoLogger [restartedMain] Starting BlogBackendApplication using Java 17.0.3.1 on DESKTOP-DKEB3L3 with PID 10600 (C:\Users\nezir\OneDrive\Masaüstü\fullstack-blog-project\blog-backend\target\classes started by nezir in C:\Users\nezir\OneDrive\Masaüstü\fullstack-blog-project\blog-backend)
2022-08-08 14:27:40,671 DEBUG org.springframework.boot.StartupInfoLogger [restartedMain] Running with Spring Boot v2.7.2, Spring v5.3.22
2022-08-08 14:27:40,672 INFO org.springframework.boot.SpringApplication [restartedMain] The following 1 profile is active: "dev"
2022-08-08 14:27:40,734 INFO org.springframework.boot.logging.DeferredLog [restartedMain] Devtools property defaults active! Set 'spring.devtools.add-properties' to 'false' to disable
2022-08-08 14:27:40,734 INFO org.springframework.boot.logging.DeferredLog [restartedMain] For additional web related logging consider setting the 'logging.level.web' property to 'DEBUG'
2022-08-08 14:27:41,668 INFO org.springframework.data.repository.config.RepositoryConfigurationDelegate [restartedMain] Bootstrapping Spring Data JPA repositories in DEFAULT mode.
2022-08-08 14:27:41,681 INFO org.springframework.data.repository.config.RepositoryConfigurationDelegate [restartedMain] Finished Spring Data repository scanning in 5 ms. Found 0 JPA repository interfaces.
2022-08-08 14:27:42,236 INFO org.springframework.boot.web.embedded.tomcat.TomcatWebServer [restartedMain] Tomcat initialized with port(s): 8090 (http)
2022-08-08 14:27:42,244 INFO org.apache.juli.logging.DirectJDKLog [restartedMain] Starting service [Tomcat]
2022-08-08 14:27:42,245 INFO org.apache.juli.logging.DirectJDKLog [restartedMain] Starting Servlet engine: [Apache Tomcat/9.0.65]
2022-08-08 14:27:42,320 INFO org.apache.juli.logging.DirectJDKLog [restartedMain] Initializing Spring embedded WebApplicationContext
2022-08-08 14:27:42,321 INFO org.springframework.boot.web.servlet.context.ServletWebServerApplicationContext [restartedMain] Root WebApplicationContext: initialization completed in 1586 ms
2022-08-08 14:27:42,534 INFO org.hibernate.jpa.internal.util.LogHelper [restartedMain] HHH000204: Processing PersistenceUnitInfo [name: default]
2022-08-08 14:27:42,628 INFO org.hibernate.Version [restartedMain] HHH000412: Hibernate ORM core version 5.6.10.Final
2022-08-08 14:27:42,782 INFO org.hibernate.annotations.common.reflection.java.JavaReflectionManager [restartedMain] HCANN000001: Hibernate Commons Annotations {5.1.2.Final}
2022-08-08 14:27:42,864 INFO com.zaxxer.hikari.HikariDataSource [restartedMain] HikariPool-1 - Starting...
2022-08-08 14:27:42,993 INFO com.zaxxer.hikari.HikariDataSource [restartedMain] HikariPool-1 - Start completed.
2022-08-08 14:27:43,011 INFO org.hibernate.dialect.Dialect [restartedMain] HHH000400: Using dialect: org.hibernate.dialect.PostgreSQLDialect
2022-08-08 14:27:43,746 INFO org.hibernate.engine.transaction.jta.platform.internal.JtaPlatformInitiator [restartedMain] HHH000490: Using JtaPlatform implementation: [org.hibernate.engine.transaction.jta.platform.internal.NoJtaPlatform]
2022-08-08 14:27:43,753 INFO org.springframework.orm.jpa.AbstractEntityManagerFactoryBean [restartedMain] Initialized JPA EntityManagerFactory for persistence unit 'default'
2022-08-08 14:27:43,984 WARN org.springframework.boot.autoconfigure.orm.jpa.JpaBaseConfiguration$JpaWebConfiguration [restartedMain] spring.jpa.open-in-view is enabled by default. Therefore, database queries may be performed during view rendering. Explicitly configure spring.jpa.open-in-view to disable this warning
2022-08-08 14:27:44,927 WARN org.springframework.boot.autoconfigure.security.servlet.UserDetailsServiceAutoConfiguration [restartedMain] 

Using generated security password: 75a72b7d-28b4-48e5-8440-d4544cede400

This generated password is for development use only. Your security configuration must be updated before running your application in production.

2022-08-08 14:27:45,036 INFO org.springframework.security.web.DefaultSecurityFilterChain [restartedMain] Will secure any request with [org.springframework.security.web.session.DisableEncodeUrlFilter@45323674, org.springframework.security.web.context.request.async.WebAsyncManagerIntegrationFilter@493f91d, org.springframework.security.web.context.SecurityContextPersistenceFilter@6de4d710, org.springframework.security.web.header.HeaderWriterFilter@cbe8ff1, org.springframework.security.web.csrf.CsrfFilter@1e8aeceb, org.springframework.security.web.authentication.logout.LogoutFilter@776919fd, org.springframework.security.web.authentication.UsernamePasswordAuthenticationFilter@3dac6f3a, org.springframework.security.web.authentication.ui.DefaultLoginPageGeneratingFilter@4f26c367, org.springframework.security.web.authentication.ui.DefaultLogoutPageGeneratingFilter@67164408, org.springframework.security.web.authentication.www.BasicAuthenticationFilter@1adb7778, org.springframework.security.web.savedrequest.RequestCacheAwareFilter@3bae0ed6, org.springframework.security.web.servletapi.SecurityContextHolderAwareRequestFilter@5093be, org.springframework.security.web.authentication.AnonymousAuthenticationFilter@40458028, org.springframework.security.web.session.SessionManagementFilter@1669b0fa, org.springframework.security.web.access.ExceptionTranslationFilter@73d6d6bf, org.springframework.security.web.access.intercept.FilterSecurityInterceptor@23c3ea99]
2022-08-08 14:27:45,072 INFO org.springframework.boot.devtools.autoconfigure.OptionalLiveReloadServer [restartedMain] LiveReload server is running on port 35729
2022-08-08 14:27:45,116 INFO org.springframework.boot.web.embedded.tomcat.TomcatWebServer [restartedMain] Tomcat started on port(s): 8090 (http) with context path ''
2022-08-08 14:27:45,129 INFO org.springframework.boot.StartupInfoLogger [restartedMain] Started BlogBackendApplication in 5.033 seconds (JVM running for 5.887)
2022-08-08 15:35:52,758 INFO org.springframework.orm.jpa.AbstractEntityManagerFactoryBean [SpringApplicationShutdownHook] Closing JPA EntityManagerFactory for persistence unit 'default'
2022-08-08 15:35:52,769 INFO com.zaxxer.hikari.HikariDataSource [SpringApplicationShutdownHook] HikariPool-1 - Shutdown initiated...
2022-08-08 15:35:52,774 INFO com.zaxxer.hikari.HikariDataSource [SpringApplicationShutdownHook] HikariPool-1 - Shutdown completed.
