2022-08-11 14:19:08,380 INFO org.springframework.boot.StartupInfoLogger [restartedMain] Starting BlogBackendApplication using Java 17.0.3.1 on DESKTOP-DKEB3L3 with PID 11920 (C:\Users\nezir\OneDrive\Masa端st端\fullstack-blog-project\blog-backend\target\classes started by nezir in C:\Users\nezir\OneDrive\Masa端st端\fullstack-blog-project\blog-backend)
2022-08-11 14:19:08,384 DEBUG org.springframework.boot.StartupInfoLogger [restartedMain] Running with Spring Boot v2.7.2, Spring v5.3.22
2022-08-11 14:19:08,384 INFO org.springframework.boot.SpringApplication [restartedMain] The following 1 profile is active: "dev"
2022-08-11 14:19:08,446 INFO org.springframework.boot.logging.DeferredLog [restartedMain] Devtools property defaults active! Set 'spring.devtools.add-properties' to 'false' to disable
2022-08-11 14:19:08,446 INFO org.springframework.boot.logging.DeferredLog [restartedMain] For additional web related logging consider setting the 'logging.level.web' property to 'DEBUG'
2022-08-11 14:19:09,672 INFO org.springframework.data.repository.config.RepositoryConfigurationDelegate [restartedMain] Bootstrapping Spring Data JPA repositories in DEFAULT mode.
2022-08-11 14:19:09,737 INFO org.springframework.data.repository.config.RepositoryConfigurationDelegate [restartedMain] Finished Spring Data repository scanning in 54 ms. Found 2 JPA repository interfaces.
2022-08-11 14:19:10,386 INFO org.springframework.boot.web.embedded.tomcat.TomcatWebServer [restartedMain] Tomcat initialized with port(s): 12120 (http)
2022-08-11 14:19:10,398 INFO org.apache.juli.logging.DirectJDKLog [restartedMain] Starting service [Tomcat]
2022-08-11 14:19:10,399 INFO org.apache.juli.logging.DirectJDKLog [restartedMain] Starting Servlet engine: [Apache Tomcat/9.0.65]
2022-08-11 14:19:10,488 INFO org.apache.juli.logging.DirectJDKLog [restartedMain] Initializing Spring embedded WebApplicationContext
2022-08-11 14:19:10,489 INFO org.springframework.boot.web.servlet.context.ServletWebServerApplicationContext [restartedMain] Root WebApplicationContext: initialization completed in 2042 ms
2022-08-11 14:19:10,687 WARN org.springframework.boot.autoconfigure.orm.jpa.JpaBaseConfiguration$JpaWebConfiguration [restartedMain] spring.jpa.open-in-view is enabled by default. Therefore, database queries may be performed during view rendering. Explicitly configure spring.jpa.open-in-view to disable this warning
2022-08-11 14:19:10,862 INFO org.hibernate.jpa.internal.util.LogHelper [restartedMain] HHH000204: Processing PersistenceUnitInfo [name: default]
2022-08-11 14:19:10,948 INFO org.hibernate.Version [restartedMain] HHH000412: Hibernate ORM core version 5.6.10.Final
2022-08-11 14:19:11,126 INFO org.hibernate.annotations.common.reflection.java.JavaReflectionManager [restartedMain] HCANN000001: Hibernate Commons Annotations {5.1.2.Final}
2022-08-11 14:19:11,272 INFO com.zaxxer.hikari.HikariDataSource [restartedMain] HikariPool-1 - Starting...
2022-08-11 14:19:11,536 INFO com.zaxxer.hikari.HikariDataSource [restartedMain] HikariPool-1 - Start completed.
2022-08-11 14:19:11,553 INFO org.hibernate.dialect.Dialect [restartedMain] HHH000400: Using dialect: org.hibernate.dialect.PostgreSQLDialect
2022-08-11 14:19:12,327 INFO org.hibernate.engine.transaction.jta.platform.internal.JtaPlatformInitiator [restartedMain] HHH000490: Using JtaPlatform implementation: [org.hibernate.engine.transaction.jta.platform.internal.NoJtaPlatform]
2022-08-11 14:19:12,335 INFO org.springframework.orm.jpa.AbstractEntityManagerFactoryBean [restartedMain] Initialized JPA EntityManagerFactory for persistence unit 'default'
2022-08-11 14:19:12,817 DEBUG org.springframework.web.filter.GenericFilterBean [restartedMain] Filter 'jwtAuthenticationFilter' configured for use
2022-08-11 14:19:12,966 WARN org.springframework.security.config.annotation.web.builders.WebSecurity [restartedMain] You are asking Spring Security to ignore Ant [pattern='/**', OPTIONS]. This is not recommended -- please use permitAll via HttpSecurity#authorizeHttpRequests instead.
2022-08-11 14:19:12,967 INFO org.springframework.security.web.DefaultSecurityFilterChain [restartedMain] Will not secure Ant [pattern='/**', OPTIONS]
2022-08-11 14:19:12,997 INFO org.springframework.security.web.DefaultSecurityFilterChain [restartedMain] Will secure any request with [org.springframework.security.web.session.DisableEncodeUrlFilter@58168114, org.springframework.security.web.context.request.async.WebAsyncManagerIntegrationFilter@1592383, org.springframework.security.web.context.SecurityContextPersistenceFilter@59aeba99, org.springframework.security.web.header.HeaderWriterFilter@65f6b3b0, org.springframework.security.web.authentication.logout.LogoutFilter@2ff19d6f, com.example.blogbackend.security.JwtAuthenticationFilter@2660e42a, org.springframework.security.web.savedrequest.RequestCacheAwareFilter@82e1728, org.springframework.security.web.servletapi.SecurityContextHolderAwareRequestFilter@6c2e5aa7, org.springframework.security.web.authentication.AnonymousAuthenticationFilter@3bb02293, org.springframework.security.web.session.SessionManagementFilter@1ad357da, org.springframework.security.web.access.ExceptionTranslationFilter@6f5ceeae, org.springframework.security.web.access.intercept.FilterSecurityInterceptor@363e20c]
2022-08-11 14:19:13,629 INFO org.springframework.boot.devtools.autoconfigure.OptionalLiveReloadServer [restartedMain] LiveReload server is running on port 35729
2022-08-11 14:19:13,666 INFO org.springframework.boot.web.embedded.tomcat.TomcatWebServer [restartedMain] Tomcat started on port(s): 12120 (http) with context path ''
2022-08-11 14:19:13,679 INFO org.springframework.boot.StartupInfoLogger [restartedMain] Started BlogBackendApplication in 5.958 seconds (JVM running for 8.097)
2022-08-11 14:19:54,818 INFO org.apache.juli.logging.DirectJDKLog [http-nio-12120-exec-2] Initializing Spring DispatcherServlet 'dispatcherServlet'
2022-08-11 14:19:54,819 INFO org.springframework.web.servlet.FrameworkServlet [http-nio-12120-exec-2] Initializing Servlet 'dispatcherServlet'
2022-08-11 14:19:54,820 INFO org.springframework.web.servlet.FrameworkServlet [http-nio-12120-exec-2] Completed initialization in 1 ms
